[debug] [2018-04-30T07:29:21.227Z] ----------------------------------------------------------------------
[debug] [2018-04-30T07:29:21.229Z] Command:       C:\Program Files\nodejs\node.exe C:\Users\mibrahim\AppData\Roaming\npm\node_modules\firebase-tools\bin\firebase deploy
[debug] [2018-04-30T07:29:21.229Z] CLI Version:   3.18.4
[debug] [2018-04-30T07:29:21.229Z] Platform:      win32
[debug] [2018-04-30T07:29:21.229Z] Node Version:  v8.11.1
[debug] [2018-04-30T07:29:21.229Z] Time:          Mon Apr 30 2018 09:29:21 GMT+0200 (W. Europe Daylight Time)
[debug] [2018-04-30T07:29:21.229Z] ----------------------------------------------------------------------
[debug] 
[debug] [2018-04-30T07:29:21.236Z] > command requires scopes: ["email","openid","https://www.googleapis.com/auth/cloudplatformprojects.readonly","https://www.googleapis.com/auth/firebase","https://www.googleapis.com/auth/cloud-platform"]
[debug] [2018-04-30T07:29:21.236Z] > authorizing via signed-in user
[debug] [2018-04-30T07:29:21.237Z] > refreshing access token with scopes: ["email","https://www.googleapis.com/auth/cloud-platform","https://www.googleapis.com/auth/cloudplatformprojects.readonly","https://www.googleapis.com/auth/firebase","openid"]
[debug] [2018-04-30T07:29:21.237Z] >>> HTTP REQUEST POST https://www.googleapis.com/oauth2/v3/token  
 { refresh_token: '1/K5nnReGwJ6Uw2UW0EJeBtGM47dAC_lSufFSKTAEGQyE',
  client_id: '563584335869-fgrhgmd47bqnekij5i8b5pr03ho849e6.apps.googleusercontent.com',
  client_secret: 'j9iVZfS8kkCEFUPaAeJV0sAi',
  grant_type: 'refresh_token',
  scope: 'email https://www.googleapis.com/auth/cloud-platform https://www.googleapis.com/auth/cloudplatformprojects.readonly https://www.googleapis.com/auth/firebase openid' } 
 Mon Apr 30 2018 09:29:21 GMT+0200 (W. Europe Daylight Time)
[debug] [2018-04-30T07:29:21.761Z] <<< HTTP RESPONSE 200
[debug] [2018-04-30T07:29:21.794Z] >>> HTTP REQUEST GET https://admin.firebase.com/v1/projects/frontend-resume-1  
  
 Mon Apr 30 2018 09:29:21 GMT+0200 (W. Europe Daylight Time)
